<?xml version="1.0" encoding="UTF-8"?>
<!-- Generated by org.testng.reporters.JUnitReportReporter -->
<testsuite hostname="Shiva.local" failures="0" tests="3" name="cucumberOptions.TestNGTestRunner" time="0.542" errors="0" timestamp="2025-03-12T17:11:34 IST" skipped="0">
  <testcase classname="cucumberOptions.TestNGTestRunner" name="runScenario" time="0.180"/>
  <testcase classname="cucumberOptions.TestNGTestRunner" name="runScenario" time="0.181"/>
  <testcase classname="cucumberOptions.TestNGTestRunner" name="runScenario" time="0.181"/>
</testsuite> <!-- cucumberOptions.TestNGTestRunner -->
